Results of Simulation 1

Time	Ccpt_out	Qu_out	Qu_met_out
0	1e-015	1e-015	1e-015
0.1	0.0104057	0.620878	0.000835953
0.2	0.0197865	2.40133	0.00651609
0.3	0.0282394	5.22693	0.0214284
0.4	0.0358525	8.99406	0.0495089
0.5	0.0427052	13.6089	0.0942832
0.6	0.0488695	18.9867	0.158905
0.7	0.0544108	25.0504	0.246192
0.8	0.059388	31.7305	0.35866
0.9	0.0638547	38.9642	0.498545
1	0.0678594	46.6942	0.667842
1.1	0.0714457	54.8691	0.868316
1.2	0.0746535	63.4421	1.10153
1.3	0.0775187	72.371	1.36886
1.4	0.0800739	81.6175	1.67151
1.5	0.0823484	91.147	2.01056
1.6	0.084369	100.928	2.38692
1.7	0.0861599	110.933	2.8014
1.8	0.0877429	121.135	3.25469
1.9	0.0891378	131.512	3.74737
2	0.0903626	142.042	4.27995
2.1	0.0914334	152.707	4.85286
2.2	0.092365	163.489	5.46642
2.3	0.0931708	174.373	6.12092
2.4	0.0938628	185.344	6.81657
2.5	0.0944518	196.391	7.55355
2.6	0.0949478	207.501	8.33196
2.7	0.0953596	218.664	9.15187
2.8	0.0956955	229.871	10.0133
2.9	0.0959626	241.114	10.9163
3	0.0961678	252.384	11.8607
3.1	0.0963169	263.675	12.8466
3.2	0.0964155	274.98	13.8738
3.3	0.0964684	286.294	14.9422
3.4	0.0964801	297.612	16.0517
3.5	0.0964546	308.929	17.2021
3.6	0.0963957	320.241	18.3933
3.7	0.0963065	331.544	19.625
3.8	0.0961901	342.835	20.897
3.9	0.0960493	354.111	22.2092
4	0.0958864	365.37	23.5613
4.1	0.0957037	376.608	24.9531
4.2	0.0955032	387.823	26.3843
4.3	0.0952868	399.014	27.8547
4.4	0.095056	410.179	29.3641
4.5	0.0948124	421.316	30.9121
4.6	0.0945573	432.423	32.4985
4.7	0.0942919	443.5	34.1231
4.8	0.0940174	454.546	35.7855
4.9	0.0937347	465.559	37.4854
5	0.0934448	476.538	39.2227
5.1	0.0931484	487.482	40.997
5.2	0.0928463	498.392	42.808
5.3	0.0925393	509.266	44.6555
5.4	0.0922278	520.104	46.5391
5.5	0.0919124	530.904	48.4586
5.6	0.0915937	541.668	50.4137
5.7	0.0912721	552.394	52.404
5.8	0.090948	563.082	54.4293
5.9	0.0906217	573.732	56.4894
6	0.0902936	584.344	58.5838
6.1	0.089964	594.917	60.7124
6.2	0.0896332	605.451	62.8748
6.3	0.0893013	615.947	65.0708
6.4	0.0889687	626.403	67.3
6.5	0.0886355	636.821	69.5622
6.6	0.088302	647.199	71.8571
6.7	0.0879682	657.538	74.1843
6.8	0.0876343	667.838	76.5437
6.9	0.0873004	678.099	78.9349
7	0.0869668	688.321	81.3577
7.1	0.0866334	698.503	83.8117
7.2	0.0863004	708.647	86.2967
7.3	0.0859678	718.751	88.8124
7.4	0.0856358	728.817	91.3586
7.5	0.0853044	738.843	93.9349
7.6	0.0849737	748.831	96.5411
7.7	0.0846437	758.78	99.1769
7.8	0.0843145	768.69	101.842
7.9	0.0839862	778.562	104.536
8	0.0836587	788.395	107.259
8.1	0.0833321	798.19	110.011
8.2	0.0830064	807.947	112.79
8.3	0.0826817	817.665	115.598
8.4	0.082358	827.346	118.434
8.5	0.0820354	836.988	121.297
8.6	0.0817137	846.593	124.187
8.7	0.0813932	856.16	127.104
8.8	0.0810737	865.69	130.048
8.9	0.0807553	875.182	133.018
9	0.080438	884.636	136.015
9.1	0.0801218	894.054	139.037
9.2	0.0798067	903.435	142.085
9.3	0.0794927	912.779	145.159
9.4	0.0791799	922.086	148.257
9.5	0.0788682	931.356	151.381
9.6	0.0785577	940.59	154.529
9.7	0.0782483	949.787	157.702
9.8	0.0779401	958.948	160.899
9.9	0.077633	968.074	164.12
10	0.0773271	977.163	167.365
10.1	0.0770223	986.216	170.633
10.2	0.0767187	995.234	173.925
10.3	0.0764162	1004.22	177.239
10.4	0.0761149	1013.16	180.577
10.5	0.0758147	1022.07	183.936
10.6	0.0755157	1030.95	187.319
10.7	0.0752179	1039.79	190.723
10.8	0.0749212	1048.6	194.149
10.9	0.0746256	1057.37	197.597
11	0.0743312	1066.11	201.066
11.1	0.0740379	1074.81	204.557
11.2	0.0737458	1083.48	208.068
11.3	0.0734548	1092.11	211.6
11.4	0.073165	1100.71	215.153
11.5	0.0728762	1109.28	218.726
11.6	0.0725886	1117.81	222.319
11.7	0.0723022	1126.31	225.932
11.8	0.0720168	1134.77	229.565
11.9	0.0717326	1143.21	233.217
12	0.0714495	1151.6	236.889
12.1	0.0711675	1159.97	240.579
12.2	0.0708866	1168.3	244.289
12.3	0.0706068	1176.6	248.017
12.4	0.0703281	1184.87	251.763
12.5	0.0700505	1193.1	255.528
12.6	0.0697739	1201.3	259.31
12.7	0.0694985	1209.47	263.111
12.8	0.0692242	1217.61	266.929
12.9	0.0689509	1225.71	270.765
13	0.0686787	1233.79	274.617
13.1	0.0684076	1241.83	278.487
13.2	0.0681376	1249.84	282.374
13.3	0.0678686	1257.81	286.277
13.4	0.0676007	1265.76	290.197
13.5	0.0673338	1273.67	294.133
13.6	0.067068	1281.56	298.085
13.7	0.0668032	1289.41	302.053
13.8	0.0665395	1297.23	306.037
13.9	0.0662768	1305.02	310.036
14	0.0660152	1312.78	314.051
14.1	0.0657546	1320.51	318.08
14.2	0.065495	1328.21	322.125
14.3	0.0652364	1335.88	326.184
14.4	0.0649789	1343.51	330.258
14.5	0.0647223	1351.12	334.347
14.6	0.0644668	1358.7	338.45
14.7	0.0642123	1366.25	342.566
14.8	0.0639588	1373.77	346.697
14.9	0.0637063	1381.25	350.841
15	0.0634548	1388.71	354.999
15.1	0.0632043	1396.14	359.171
15.2	0.0629548	1403.54	363.355
15.3	0.0627062	1410.91	367.553
15.4	0.0624587	1418.25	371.763
15.5	0.0622121	1425.57	375.986
15.6	0.0619665	1432.85	380.222
15.7	0.0617219	1440.1	384.47
15.8	0.0614782	1447.33	388.73
15.9	0.0612355	1454.53	393.003
16	0.0609937	1461.7	397.287
16.1	0.0607529	1468.84	401.583
16.2	0.0605131	1475.95	405.89
16.3	0.0602742	1483.04	410.209
16.4	0.0600362	1490.09	414.539
16.5	0.0597992	1497.12	418.88
16.6	0.0595631	1504.12	423.232
16.7	0.059328	1511.1	427.595
16.8	0.0590937	1518.04	431.969
16.9	0.0588604	1524.96	436.353
17	0.0586281	1531.85	440.747
17.1	0.0583966	1538.72	445.152
17.2	0.0581661	1545.55	449.566
17.3	0.0579364	1552.36	453.991
17.4	0.0577077	1559.15	458.425
17.5	0.0574799	1565.9	462.869
17.6	0.0572529	1572.63	467.322
17.7	0.0570269	1579.34	471.785
17.8	0.0568018	1586.01	476.256
17.9	0.0565775	1592.66	480.737
18	0.0563542	1599.29	485.226
18.1	0.0561317	1605.89	489.725
18.2	0.0559101	1612.46	494.232
18.3	0.0556893	1619	498.747
18.4	0.0554695	1625.52	503.271
18.5	0.0552505	1632.02	507.803
18.6	0.0550324	1638.49	512.342
18.7	0.0548151	1644.93	516.89
18.8	0.0545987	1651.35	521.446
18.9	0.0543831	1657.74	526.009
19	0.0541684	1664.11	530.58
19.1	0.0539546	1670.45	535.158
19.2	0.0537416	1676.77	539.743
19.3	0.0535294	1683.06	544.336
19.4	0.0533181	1689.33	548.935
19.5	0.0531076	1695.57	553.542
19.6	0.0528979	1701.79	558.155
19.7	0.0526891	1707.98	562.775
19.8	0.0524811	1714.15	567.401
19.9	0.0522739	1720.29	572.034
20	0.0520675	1726.41	576.673
20.1	0.0518619	1732.51	581.318
20.2	0.0516572	1738.58	585.969
20.3	0.0514533	1744.63	590.626
20.4	0.0512501	1750.65	595.288
20.5	0.0510478	1756.65	599.957
20.6	0.0508463	1762.63	604.631
20.7	0.0506455	1768.58	609.31
20.8	0.0504456	1774.51	613.995
20.9	0.0502464	1780.42	618.684
21	0.050048	1786.3	623.379
21.1	0.0498505	1792.16	628.079
21.2	0.0496537	1798	632.784
21.3	0.0494576	1803.81	637.493
21.4	0.0492624	1809.6	642.207
21.5	0.0490679	1815.37	646.926
21.6	0.0488742	1821.11	651.649
21.7	0.0486812	1826.83	656.376
21.8	0.048489	1832.53	661.108
21.9	0.0482976	1838.21	665.843
22	0.0481069	1843.87	670.583
22.1	0.047917	1849.5	675.326
22.2	0.0477278	1855.11	680.074
22.3	0.0475394	1860.7	684.824
22.4	0.0473517	1866.26	689.579
22.5	0.0471648	1871.81	694.337
22.6	0.0469786	1877.33	699.098
22.7	0.0467931	1882.83	703.863
22.8	0.0466084	1888.31	708.63
22.9	0.0464244	1893.76	713.401
23	0.0462411	1899.2	718.175
23.1	0.0460585	1904.61	722.951
23.2	0.0458767	1910.01	727.731
23.3	0.0456956	1915.38	732.513
23.4	0.0455152	1920.73	737.297
23.5	0.0453355	1926.06	742.084
23.6	0.0451565	1931.36	746.874
23.7	0.0449782	1936.65	751.665
23.8	0.0448006	1941.92	756.459
23.9	0.0446238	1947.16	761.255
24	0.0444476	1952.39	766.053
24.1	0.0442721	1957.59	770.853
24.2	0.0440973	1962.77	775.655
24.3	0.0439232	1967.94	780.459
24.4	0.0437498	1973.08	785.264
24.5	0.0435771	1978.2	790.071
24.6	0.0434051	1983.3	794.879
24.7	0.0432337	1988.38	799.689
24.8	0.043063	1993.45	804.5
24.9	0.042893	1998.49	809.312
25	0.0427237	2003.51	814.125
25.1	0.042555	2008.51	818.94
25.2	0.042387	2013.49	823.755
25.3	0.0422197	2018.46	828.571
25.4	0.042053	2023.4	833.389
25.5	0.041887	2028.32	838.206
25.6	0.0417216	2033.23	843.025
25.7	0.0415569	2038.11	847.844
25.8	0.0413928	2042.98	852.663
25.9	0.0412294	2047.82	857.483
26	0.0410666	2052.65	862.304
26.1	0.0409045	2057.46	867.124
26.2	0.040743	2062.25	871.945
26.3	0.0405822	2067.02	876.765
26.4	0.0404219	2071.77	881.586
26.5	0.0402624	2076.5	886.407
26.6	0.0401034	2081.22	891.228
26.7	0.0399451	2085.91	896.048
26.8	0.0397874	2090.59	900.868
26.9	0.0396303	2095.25	905.688
27	0.0394738	2099.89	910.507
27.1	0.039318	2104.51	915.326
27.2	0.0391628	2109.11	920.144
27.3	0.0390082	2113.7	924.962
27.4	0.0388542	2118.26	929.779
27.5	0.0387008	2122.81	934.595
27.6	0.038548	2127.34	939.41
27.7	0.0383958	2131.86	944.225
27.8	0.0382442	2136.35	949.038
27.9	0.0380932	2140.83	953.851
28	0.0379428	2145.29	958.662
28.1	0.037793	2149.73	963.472
28.2	0.0376438	2154.16	968.281
28.3	0.0374952	2158.56	973.089
28.4	0.0373472	2162.95	977.895
28.5	0.0371997	2167.33	982.699
28.6	0.0370529	2171.68	987.503
28.7	0.0369066	2176.02	992.304
28.8	0.0367609	2180.34	997.104
28.9	0.0366158	2184.64	1001.9
29	0.0364712	2188.93	1006.7
29.1	0.0363272	2193.2	1011.49
29.2	0.0361838	2197.45	1016.29
29.3	0.036041	2201.69	1021.08
29.4	0.0358987	2205.91	1025.87
29.5	0.0357569	2210.11	1030.65
29.6	0.0356158	2214.3	1035.44
29.7	0.0354752	2218.47	1040.22
29.8	0.0353351	2222.62	1045
29.9	0.0351956	2226.76	1049.78
30	0.0350567	2230.88	1054.56
30.1	0.0349183	2234.98	1059.33
30.2	0.0347804	2239.07	1064.1
30.3	0.0346431	2243.15	1068.87
30.4	0.0345063	2247.2	1073.63
30.5	0.0343701	2251.24	1078.4
30.6	0.0342344	2255.27	1083.16
30.7	0.0340992	2259.27	1087.92
30.8	0.0339646	2263.27	1092.67
30.9	0.0338305	2267.24	1097.42
31	0.033697	2271.2	1102.17
31.1	0.0335639	2275.15	1106.92
31.2	0.0334314	2279.08	1111.66
31.3	0.0332994	2282.99	1116.4
31.4	0.033168	2286.89	1121.14
31.5	0.033037	2290.77	1125.87
31.6	0.0329066	2294.64	1130.61
31.7	0.0327767	2298.49	1135.33
31.8	0.0326473	2302.33	1140.06
31.9	0.0325184	2306.15	1144.78
32	0.03239	2309.96	1149.5
32.1	0.0322622	2313.75	1154.21
32.2	0.0321348	2317.53	1158.92
32.3	0.0320079	2321.29	1163.63
32.4	0.0318816	2325.04	1168.33
32.5	0.0317557	2328.77	1173.03
32.6	0.0316303	2332.49	1177.73
32.7	0.0315054	2336.19	1182.42
32.8	0.0313811	2339.88	1187.11
32.9	0.0312572	2343.56	1191.8
33	0.0311338	2347.22	1196.48
33.1	0.0310109	2350.86	1201.16
33.2	0.0308884	2354.49	1205.83
33.3	0.0307665	2358.11	1210.5
33.4	0.030645	2361.71	1215.17
33.5	0.030524	2365.3	1219.83
33.6	0.0304035	2368.87	1224.49
33.7	0.0302835	2372.43	1229.14
33.8	0.0301639	2375.98	1233.79
33.9	0.0300448	2379.51	1238.44
34	0.0299262	2383.03	1243.08
34.1	0.0298081	2386.53	1247.71
34.2	0.0296904	2390.02	1252.35
34.3	0.0295732	2393.5	1256.98
34.4	0.0294564	2396.96	1261.6
34.5	0.0293401	2400.41	1266.22
34.6	0.0292243	2403.84	1270.83
34.7	0.0291089	2407.26	1275.44
34.8	0.028994	2410.67	1280.05
34.9	0.0288795	2414.07	1284.65
35	0.0287655	2417.45	1289.25
35.1	0.028652	2420.82	1293.84
35.2	0.0285389	2424.17	1298.43
35.3	0.0284262	2427.51	1303.01
35.4	0.028314	2430.84	1307.59
35.5	0.0282022	2434.16	1312.16
35.6	0.0280908	2437.46	1316.73
35.7	0.0279799	2440.75	1321.29
35.8	0.0278695	2444.02	1325.85
35.9	0.0277594	2447.28	1330.4
36	0.0276499	2450.53	1334.95
36.1	0.0275407	2453.77	1339.5
36.2	0.027432	2457	1344.04
36.3	0.0273237	2460.21	1348.57
36.4	0.0272158	2463.41	1353.1
36.5	0.0271083	2466.59	1357.62
36.6	0.0270013	2469.77	1362.14
36.7	0.0268947	2472.93	1366.65
36.8	0.0267885	2476.08	1371.16
36.9	0.0266828	2479.21	1375.66
37	0.0265774	2482.34	1380.16
37.1	0.0264725	2485.45	1384.65
37.2	0.026368	2488.55	1389.14
37.3	0.0262639	2491.64	1393.62
37.4	0.0261602	2494.71	1398.1
37.5	0.0260569	2497.77	1402.57
37.6	0.0259541	2500.82	1407.04
37.7	0.0258516	2503.86	1411.5
37.8	0.0257495	2506.89	1415.95
37.9	0.0256479	2509.9	1420.4
38	0.0255466	2512.91	1424.84
38.1	0.0254458	2515.9	1429.28
38.2	0.0253453	2518.88	1433.71
38.3	0.0252453	2521.84	1438.14
38.4	0.0251456	2524.8	1442.56
38.5	0.0250463	2527.74	1446.98
38.6	0.0249474	2530.68	1451.39
38.7	0.0248489	2533.6	1455.79
38.8	0.0247508	2536.51	1460.19
38.9	0.0246531	2539.4	1464.58
39	0.0245558	2542.29	1468.97
39.1	0.0244588	2545.17	1473.35
39.2	0.0243623	2548.03	1477.73
39.3	0.0242661	2550.88	1482.1
39.4	0.0241703	2553.72	1486.46
39.5	0.0240749	2556.55	1490.82
39.6	0.0239798	2559.37	1495.17
39.7	0.0238852	2562.18	1499.52
39.8	0.0237909	2564.98	1503.86
39.9	0.0236969	2567.76	1508.19
40	0.0236034	2570.54	1512.52
40.1	0.0235102	2573.3	1516.84
40.2	0.0234174	2576.05	1521.16
40.3	0.0233249	2578.79	1525.47
40.4	0.0232329	2581.52	1529.77
40.5	0.0231411	2584.24	1534.07
40.6	0.0230498	2586.95	1538.36
40.7	0.0229588	2589.65	1542.65
40.8	0.0228681	2592.34	1546.92
40.9	0.0227778	2595.02	1551.2
41	0.0226879	2597.68	1555.47
41.1	0.0225984	2600.34	1559.73
41.2	0.0225091	2602.99	1563.98
41.3	0.0224203	2605.62	1568.23
41.4	0.0223318	2608.25	1572.47
41.5	0.0222436	2610.86	1576.71
41.6	0.0221558	2613.47	1580.94
41.7	0.0220683	2616.06	1585.16
41.8	0.0219812	2618.64	1589.38
41.9	0.0218944	2621.22	1593.59
42	0.021808	2623.78	1597.79
42.1	0.0217219	2626.33	1601.99
42.2	0.0216361	2628.88	1606.18
42.3	0.0215507	2631.41	1610.37
42.4	0.0214656	2633.93	1614.55
42.5	0.0213809	2636.45	1618.72
42.6	0.0212965	2638.95	1622.89
42.7	0.0212124	2641.44	1627.05
42.8	0.0211286	2643.93	1631.2
42.9	0.0210452	2646.4	1635.35
43	0.0209621	2648.86	1639.49
43.1	0.0208794	2651.32	1643.62
43.2	0.0207969	2653.76	1647.75
43.3	0.0207148	2656.2	1651.87
43.4	0.0206331	2658.62	1655.98
43.5	0.0205516	2661.04	1660.09
43.6	0.0204705	2663.44	1664.19
43.7	0.0203897	2665.84	1668.28
43.8	0.0203092	2668.23	1672.37
43.9	0.020229	2670.61	1676.45
44	0.0201491	2672.97	1680.53
44.1	0.0200696	2675.33	1684.6
44.2	0.0199903	2677.68	1688.66
44.3	0.0199114	2680.02	1692.71
44.4	0.0198328	2682.36	1696.76
44.5	0.0197545	2684.68	1700.8
44.6	0.0196765	2686.99	1704.84
44.7	0.0195988	2689.29	1708.86
44.8	0.0195215	2691.59	1712.89
44.9	0.0194444	2693.87	1716.9
45	0.0193676	2696.15	1720.91
45.1	0.0192912	2698.42	1724.91
45.2	0.019215	2700.68	1728.9
45.3	0.0191391	2702.93	1732.89
45.4	0.0190636	2705.17	1736.87
45.5	0.0189883	2707.4	1740.85
45.6	0.0189134	2709.62	1744.81
45.7	0.0188387	2711.84	1748.77
45.8	0.0187643	2714.04	1752.73
45.9	0.0186902	2716.24	1756.67
46	0.0186164	2718.43	1760.61
46.1	0.0185429	2720.61	1764.55
46.2	0.0184697	2722.78	1768.47
46.3	0.0183968	2724.94	1772.39
46.4	0.0183242	2727.09	1776.31
46.5	0.0182518	2729.24	1780.21
46.6	0.0181798	2731.38	1784.11
46.7	0.018108	2733.5	1788
46.8	0.0180365	2735.62	1791.89
46.9	0.0179653	2737.74	1795.77
47	0.0178944	2739.84	1799.64
47.1	0.0178237	2741.93	1803.51
47.2	0.0177534	2744.02	1807.36
47.3	0.0176833	2746.1	1811.21
47.4	0.0176135	2748.17	1815.06
47.5	0.0175439	2750.23	1818.9
47.6	0.0174747	2752.29	1822.73
47.7	0.0174057	2754.33	1826.55
47.8	0.017337	2756.37	1830.37
47.9	0.0172685	2758.4	1834.18
48	0.0172004	2760.42	1837.98


